[14-Feb-2019 20:02:31 UTC] PHP Warning:  PHP Startup: Unable to load dynamic library 'interbase' (tried: ext\interbase (No se puede encontrar el módulo especificado.), ext\php_interbase.dll (No se puede encontrar el módulo especificado.)) in Unknown on line 0
[14-Feb-2019 20:02:31 UTC] PHP Warning:  PHP Startup: Unable to load dynamic library 'oci8_12c' (tried: ext\oci8_12c (No se puede encontrar el módulo especificado.), ext\php_oci8_12c.dll (No se puede encontrar el módulo especificado.)) in Unknown on line 0
[14-Feb-2019 20:02:31 UTC] PHP Warning:  PHP Startup: Unable to load dynamic library 'pdo_firebird' (tried: ext\pdo_firebird (No se puede encontrar el módulo especificado.), ext\php_pdo_firebird.dll (No se puede encontrar el módulo especificado.)) in Unknown on line 0
[14-Feb-2019 20:02:31 UTC] PHP Warning:  PHP Startup: Unable to load dynamic library 'pdo_oci' (tried: ext\pdo_oci (No se puede encontrar el módulo especificado.), ext\php_pdo_oci.dll (No se puede encontrar el módulo especificado.)) in Unknown on line 0
[14-Feb-2019 20:02:31 UTC] PHP Warning:  PHP Startup: Unable to load dynamic library 'php_pdo_sqlsrv_72_ts.dll' (tried: ext\php_pdo_sqlsrv_72_ts.dll (%1 no es una aplicación Win32 válida.), ext\php_php_pdo_sqlsrv_72_ts.dll.dll (No se puede encontrar el módulo especificado.)) in Unknown on line 0
[14-Feb-2019 20:02:44 UTC] PHP Warning:  PHP Startup: Unable to load dynamic library 'interbase' (tried: ext\interbase (No se puede encontrar el módulo especificado.), ext\php_interbase.dll (No se puede encontrar el módulo especificado.)) in Unknown on line 0
[14-Feb-2019 20:02:44 UTC] PHP Warning:  PHP Startup: Unable to load dynamic library 'oci8_12c' (tried: ext\oci8_12c (No se puede encontrar el módulo especificado.), ext\php_oci8_12c.dll (No se puede encontrar el módulo especificado.)) in Unknown on line 0
[14-Feb-2019 20:02:44 UTC] PHP Warning:  PHP Startup: Unable to load dynamic library 'pdo_firebird' (tried: ext\pdo_firebird (No se puede encontrar el módulo especificado.), ext\php_pdo_firebird.dll (No se puede encontrar el módulo especificado.)) in Unknown on line 0
[14-Feb-2019 20:02:44 UTC] PHP Warning:  PHP Startup: Unable to load dynamic library 'pdo_oci' (tried: ext\pdo_oci (No se puede encontrar el módulo especificado.), ext\php_pdo_oci.dll (No se puede encontrar el módulo especificado.)) in Unknown on line 0
[14-Feb-2019 20:02:44 UTC] PHP Warning:  PHP Startup: Unable to load dynamic library 'php_pdo_sqlsrv_72_ts.dll' (tried: ext\php_pdo_sqlsrv_72_ts.dll (%1 no es una aplicación Win32 válida.), ext\php_php_pdo_sqlsrv_72_ts.dll.dll (No se puede encontrar el módulo especificado.)) in Unknown on line 0
[14-Feb-2019 20:02:57 UTC] PHP Warning:  PHP Startup: Unable to load dynamic library 'interbase' (tried: ext\interbase (No se puede encontrar el módulo especificado.), ext\php_interbase.dll (No se puede encontrar el módulo especificado.)) in Unknown on line 0
[14-Feb-2019 20:02:57 UTC] PHP Warning:  PHP Startup: Unable to load dynamic library 'oci8_12c' (tried: ext\oci8_12c (No se puede encontrar el módulo especificado.), ext\php_oci8_12c.dll (No se puede encontrar el módulo especificado.)) in Unknown on line 0
[14-Feb-2019 20:02:57 UTC] PHP Warning:  PHP Startup: Unable to load dynamic library 'pdo_firebird' (tried: ext\pdo_firebird (No se puede encontrar el módulo especificado.), ext\php_pdo_firebird.dll (No se puede encontrar el módulo especificado.)) in Unknown on line 0
[14-Feb-2019 20:02:57 UTC] PHP Warning:  PHP Startup: Unable to load dynamic library 'pdo_oci' (tried: ext\pdo_oci (No se puede encontrar el módulo especificado.), ext\php_pdo_oci.dll (No se puede encontrar el módulo especificado.)) in Unknown on line 0
[14-Feb-2019 20:02:57 UTC] PHP Warning:  PHP Startup: Unable to load dynamic library 'php_pdo_sqlsrv_72_ts.dll' (tried: ext\php_pdo_sqlsrv_72_ts.dll (%1 no es una aplicación Win32 válida.), ext\php_php_pdo_sqlsrv_72_ts.dll.dll (No se puede encontrar el módulo especificado.)) in Unknown on line 0
[14-Feb-2019 20:03:05 UTC] PHP Warning:  PHP Startup: Unable to load dynamic library 'interbase' (tried: ext\interbase (No se puede encontrar el módulo especificado.), ext\php_interbase.dll (No se puede encontrar el módulo especificado.)) in Unknown on line 0
[14-Feb-2019 20:03:05 UTC] PHP Warning:  PHP Startup: Unable to load dynamic library 'oci8_12c' (tried: ext\oci8_12c (No se puede encontrar el módulo especificado.), ext\php_oci8_12c.dll (No se puede encontrar el módulo especificado.)) in Unknown on line 0
[14-Feb-2019 20:03:05 UTC] PHP Warning:  PHP Startup: Unable to load dynamic library 'pdo_firebird' (tried: ext\pdo_firebird (No se puede encontrar el módulo especificado.), ext\php_pdo_firebird.dll (No se puede encontrar el módulo especificado.)) in Unknown on line 0
[14-Feb-2019 20:03:05 UTC] PHP Warning:  PHP Startup: Unable to load dynamic library 'pdo_oci' (tried: ext\pdo_oci (No se puede encontrar el módulo especificado.), ext\php_pdo_oci.dll (No se puede encontrar el módulo especificado.)) in Unknown on line 0
[14-Feb-2019 20:03:05 UTC] PHP Warning:  PHP Startup: Unable to load dynamic library 'php_pdo_sqlsrv_72_ts.dll' (tried: ext\php_pdo_sqlsrv_72_ts.dll (%1 no es una aplicación Win32 válida.), ext\php_php_pdo_sqlsrv_72_ts.dll.dll (No se puede encontrar el módulo especificado.)) in Unknown on line 0
[14-Feb-2019 20:03:08 UTC] PHP Warning:  PHP Startup: Unable to load dynamic library 'interbase' (tried: ext\interbase (No se puede encontrar el módulo especificado.), ext\php_interbase.dll (No se puede encontrar el módulo especificado.)) in Unknown on line 0
[14-Feb-2019 20:03:08 UTC] PHP Warning:  PHP Startup: Unable to load dynamic library 'oci8_12c' (tried: ext\oci8_12c (No se puede encontrar el módulo especificado.), ext\php_oci8_12c.dll (No se puede encontrar el módulo especificado.)) in Unknown on line 0
[14-Feb-2019 20:03:08 UTC] PHP Warning:  PHP Startup: Unable to load dynamic library 'pdo_firebird' (tried: ext\pdo_firebird (No se puede encontrar el módulo especificado.), ext\php_pdo_firebird.dll (No se puede encontrar el módulo especificado.)) in Unknown on line 0
[14-Feb-2019 20:03:08 UTC] PHP Warning:  PHP Startup: Unable to load dynamic library 'pdo_oci' (tried: ext\pdo_oci (No se puede encontrar el módulo especificado.), ext\php_pdo_oci.dll (No se puede encontrar el módulo especificado.)) in Unknown on line 0
[14-Feb-2019 20:03:08 UTC] PHP Warning:  PHP Startup: Unable to load dynamic library 'php_pdo_sqlsrv_72_ts.dll' (tried: ext\php_pdo_sqlsrv_72_ts.dll (%1 no es una aplicación Win32 válida.), ext\php_php_pdo_sqlsrv_72_ts.dll.dll (No se puede encontrar el módulo especificado.)) in Unknown on line 0
[14-Feb-2019 20:03:08 UTC] PHP Warning:  PHP Startup: Unable to load dynamic library 'interbase' (tried: ext\interbase (No se puede encontrar el módulo especificado.), ext\php_interbase.dll (No se puede encontrar el módulo especificado.)) in Unknown on line 0
[14-Feb-2019 20:03:08 UTC] PHP Warning:  PHP Startup: Unable to load dynamic library 'oci8_12c' (tried: ext\oci8_12c (No se puede encontrar el módulo especificado.), ext\php_oci8_12c.dll (No se puede encontrar el módulo especificado.)) in Unknown on line 0
[14-Feb-2019 20:03:08 UTC] PHP Warning:  PHP Startup: Unable to load dynamic library 'pdo_firebird' (tried: ext\pdo_firebird (No se puede encontrar el módulo especificado.), ext\php_pdo_firebird.dll (No se puede encontrar el módulo especificado.)) in Unknown on line 0
[14-Feb-2019 20:03:08 UTC] PHP Warning:  PHP Startup: Unable to load dynamic library 'pdo_oci' (tried: ext\pdo_oci (No se puede encontrar el módulo especificado.), ext\php_pdo_oci.dll (No se puede encontrar el módulo especificado.)) in Unknown on line 0
[14-Feb-2019 20:03:08 UTC] PHP Warning:  PHP Startup: Unable to load dynamic library 'php_pdo_sqlsrv_72_ts.dll' (tried: ext\php_pdo_sqlsrv_72_ts.dll (%1 no es una aplicación Win32 válida.), ext\php_php_pdo_sqlsrv_72_ts.dll.dll (No se puede encontrar el módulo especificado.)) in Unknown on line 0
[14-Feb-2019 20:03:10 UTC] PHP Warning:  PHP Startup: Unable to load dynamic library 'interbase' (tried: ext\interbase (No se puede encontrar el módulo especificado.), ext\php_interbase.dll (No se puede encontrar el módulo especificado.)) in Unknown on line 0
[14-Feb-2019 20:03:10 UTC] PHP Warning:  PHP Startup: Unable to load dynamic library 'oci8_12c' (tried: ext\oci8_12c (No se puede encontrar el módulo especificado.), ext\php_oci8_12c.dll (No se puede encontrar el módulo especificado.)) in Unknown on line 0
[14-Feb-2019 20:03:10 UTC] PHP Warning:  PHP Startup: Unable to load dynamic library 'pdo_firebird' (tried: ext\pdo_firebird (No se puede encontrar el módulo especificado.), ext\php_pdo_firebird.dll (No se puede encontrar el módulo especificado.)) in Unknown on line 0
[14-Feb-2019 20:03:10 UTC] PHP Warning:  PHP Startup: Unable to load dynamic library 'pdo_oci' (tried: ext\pdo_oci (No se puede encontrar el módulo especificado.), ext\php_pdo_oci.dll (No se puede encontrar el módulo especificado.)) in Unknown on line 0
[14-Feb-2019 20:03:10 UTC] PHP Warning:  PHP Startup: Unable to load dynamic library 'php_pdo_sqlsrv_72_ts.dll' (tried: ext\php_pdo_sqlsrv_72_ts.dll (%1 no es una aplicación Win32 válida.), ext\php_php_pdo_sqlsrv_72_ts.dll.dll (No se puede encontrar el módulo especificado.)) in Unknown on line 0
[14-Feb-2019 20:03:13 UTC] PHP Warning:  PHP Startup: Unable to load dynamic library 'interbase' (tried: ext\interbase (No se puede encontrar el módulo especificado.), ext\php_interbase.dll (No se puede encontrar el módulo especificado.)) in Unknown on line 0
[14-Feb-2019 20:03:13 UTC] PHP Warning:  PHP Startup: Unable to load dynamic library 'oci8_12c' (tried: ext\oci8_12c (No se puede encontrar el módulo especificado.), ext\php_oci8_12c.dll (No se puede encontrar el módulo especificado.)) in Unknown on line 0
[14-Feb-2019 20:03:13 UTC] PHP Warning:  PHP Startup: Unable to load dynamic library 'pdo_firebird' (tried: ext\pdo_firebird (No se puede encontrar el módulo especificado.), ext\php_pdo_firebird.dll (No se puede encontrar el módulo especificado.)) in Unknown on line 0
[14-Feb-2019 20:03:13 UTC] PHP Warning:  PHP Startup: Unable to load dynamic library 'pdo_oci' (tried: ext\pdo_oci (No se puede encontrar el módulo especificado.), ext\php_pdo_oci.dll (No se puede encontrar el módulo especificado.)) in Unknown on line 0
[14-Feb-2019 20:03:13 UTC] PHP Warning:  PHP Startup: Unable to load dynamic library 'php_pdo_sqlsrv_72_ts.dll' (tried: ext\php_pdo_sqlsrv_72_ts.dll (%1 no es una aplicación Win32 válida.), ext\php_php_pdo_sqlsrv_72_ts.dll.dll (No se puede encontrar el módulo especificado.)) in Unknown on line 0
[14-Feb-2019 20:03:20 UTC] PHP Warning:  PHP Startup: Unable to load dynamic library 'interbase' (tried: ext\interbase (No se puede encontrar el módulo especificado.), ext\php_interbase.dll (No se puede encontrar el módulo especificado.)) in Unknown on line 0
[14-Feb-2019 20:03:20 UTC] PHP Warning:  PHP Startup: Unable to load dynamic library 'oci8_12c' (tried: ext\oci8_12c (No se puede encontrar el módulo especificado.), ext\php_oci8_12c.dll (No se puede encontrar el módulo especificado.)) in Unknown on line 0
[14-Feb-2019 20:03:20 UTC] PHP Warning:  PHP Startup: Unable to load dynamic library 'pdo_firebird' (tried: ext\pdo_firebird (No se puede encontrar el módulo especificado.), ext\php_pdo_firebird.dll (No se puede encontrar el módulo especificado.)) in Unknown on line 0
[14-Feb-2019 20:03:20 UTC] PHP Warning:  PHP Startup: Unable to load dynamic library 'pdo_oci' (tried: ext\pdo_oci (No se puede encontrar el módulo especificado.), ext\php_pdo_oci.dll (No se puede encontrar el módulo especificado.)) in Unknown on line 0
[14-Feb-2019 20:03:20 UTC] PHP Warning:  PHP Startup: Unable to load dynamic library 'php_pdo_sqlsrv_72_ts.dll' (tried: ext\php_pdo_sqlsrv_72_ts.dll (%1 no es una aplicación Win32 válida.), ext\php_php_pdo_sqlsrv_72_ts.dll.dll (No se puede encontrar el módulo especificado.)) in Unknown on line 0
[14-Feb-2019 20:03:45 UTC] PHP Warning:  PHP Startup: Unable to load dynamic library 'interbase' (tried: ext\interbase (No se puede encontrar el módulo especificado.), ext\php_interbase.dll (No se puede encontrar el módulo especificado.)) in Unknown on line 0
[14-Feb-2019 20:03:45 UTC] PHP Warning:  PHP Startup: Unable to load dynamic library 'oci8_12c' (tried: ext\oci8_12c (No se puede encontrar el módulo especificado.), ext\php_oci8_12c.dll (No se puede encontrar el módulo especificado.)) in Unknown on line 0
[14-Feb-2019 20:03:45 UTC] PHP Warning:  PHP Startup: Unable to load dynamic library 'pdo_firebird' (tried: ext\pdo_firebird (No se puede encontrar el módulo especificado.), ext\php_pdo_firebird.dll (No se puede encontrar el módulo especificado.)) in Unknown on line 0
[14-Feb-2019 20:03:45 UTC] PHP Warning:  PHP Startup: Unable to load dynamic library 'pdo_oci' (tried: ext\pdo_oci (No se puede encontrar el módulo especificado.), ext\php_pdo_oci.dll (No se puede encontrar el módulo especificado.)) in Unknown on line 0
[14-Feb-2019 20:03:45 UTC] PHP Warning:  PHP Startup: Unable to load dynamic library 'php_pdo_sqlsrv_72_ts.dll' (tried: ext\php_pdo_sqlsrv_72_ts.dll (%1 no es una aplicación Win32 válida.), ext\php_php_pdo_sqlsrv_72_ts.dll.dll (No se puede encontrar el módulo especificado.)) in Unknown on line 0
[14-Feb-2019 20:03:55 UTC] PHP Warning:  PHP Startup: Unable to load dynamic library 'interbase' (tried: ext\interbase (No se puede encontrar el módulo especificado.), ext\php_interbase.dll (No se puede encontrar el módulo especificado.)) in Unknown on line 0
[14-Feb-2019 20:03:56 UTC] PHP Warning:  PHP Startup: Unable to load dynamic library 'oci8_12c' (tried: ext\oci8_12c (No se puede encontrar el módulo especificado.), ext\php_oci8_12c.dll (No se puede encontrar el módulo especificado.)) in Unknown on line 0
[14-Feb-2019 20:03:56 UTC] PHP Warning:  PHP Startup: Unable to load dynamic library 'pdo_firebird' (tried: ext\pdo_firebird (No se puede encontrar el módulo especificado.), ext\php_pdo_firebird.dll (No se puede encontrar el módulo especificado.)) in Unknown on line 0
[14-Feb-2019 20:03:56 UTC] PHP Warning:  PHP Startup: Unable to load dynamic library 'pdo_oci' (tried: ext\pdo_oci (No se puede encontrar el módulo especificado.), ext\php_pdo_oci.dll (No se puede encontrar el módulo especificado.)) in Unknown on line 0
[14-Feb-2019 20:03:56 UTC] PHP Warning:  PHP Startup: Unable to load dynamic library 'php_pdo_sqlsrv_72_ts.dll' (tried: ext\php_pdo_sqlsrv_72_ts.dll (%1 no es una aplicación Win32 válida.), ext\php_php_pdo_sqlsrv_72_ts.dll.dll (No se puede encontrar el módulo especificado.)) in Unknown on line 0
[14-Feb-2019 20:03:57 UTC] PHP Warning:  PHP Startup: Unable to load dynamic library 'interbase' (tried: ext\interbase (No se puede encontrar el módulo especificado.), ext\php_interbase.dll (No se puede encontrar el módulo especificado.)) in Unknown on line 0
[14-Feb-2019 20:03:57 UTC] PHP Warning:  PHP Startup: Unable to load dynamic library 'oci8_12c' (tried: ext\oci8_12c (No se puede encontrar el módulo especificado.), ext\php_oci8_12c.dll (No se puede encontrar el módulo especificado.)) in Unknown on line 0
[14-Feb-2019 20:03:57 UTC] PHP Warning:  PHP Startup: Unable to load dynamic library 'pdo_firebird' (tried: ext\pdo_firebird (No se puede encontrar el módulo especificado.), ext\php_pdo_firebird.dll (No se puede encontrar el módulo especificado.)) in Unknown on line 0
[14-Feb-2019 20:03:57 UTC] PHP Warning:  PHP Startup: Unable to load dynamic library 'pdo_oci' (tried: ext\pdo_oci (No se puede encontrar el módulo especificado.), ext\php_pdo_oci.dll (No se puede encontrar el módulo especificado.)) in Unknown on line 0
[14-Feb-2019 20:03:57 UTC] PHP Warning:  PHP Startup: Unable to load dynamic library 'php_pdo_sqlsrv_72_ts.dll' (tried: ext\php_pdo_sqlsrv_72_ts.dll (%1 no es una aplicación Win32 válida.), ext\php_php_pdo_sqlsrv_72_ts.dll.dll (No se puede encontrar el módulo especificado.)) in Unknown on line 0
[14-Feb-2019 20:03:58 UTC] PHP Warning:  PHP Startup: Unable to load dynamic library 'interbase' (tried: ext\interbase (No se puede encontrar el módulo especificado.), ext\php_interbase.dll (No se puede encontrar el módulo especificado.)) in Unknown on line 0
[14-Feb-2019 20:03:58 UTC] PHP Warning:  PHP Startup: Unable to load dynamic library 'oci8_12c' (tried: ext\oci8_12c (No se puede encontrar el módulo especificado.), ext\php_oci8_12c.dll (No se puede encontrar el módulo especificado.)) in Unknown on line 0
[14-Feb-2019 20:03:58 UTC] PHP Warning:  PHP Startup: Unable to load dynamic library 'pdo_firebird' (tried: ext\pdo_firebird (No se puede encontrar el módulo especificado.), ext\php_pdo_firebird.dll (No se puede encontrar el módulo especificado.)) in Unknown on line 0
[14-Feb-2019 20:03:58 UTC] PHP Warning:  PHP Startup: Unable to load dynamic library 'pdo_oci' (tried: ext\pdo_oci (No se puede encontrar el módulo especificado.), ext\php_pdo_oci.dll (No se puede encontrar el módulo especificado.)) in Unknown on line 0
[14-Feb-2019 20:03:58 UTC] PHP Warning:  PHP Startup: Unable to load dynamic library 'php_pdo_sqlsrv_72_ts.dll' (tried: ext\php_pdo_sqlsrv_72_ts.dll (%1 no es una aplicación Win32 válida.), ext\php_php_pdo_sqlsrv_72_ts.dll.dll (No se puede encontrar el módulo especificado.)) in Unknown on line 0
[14-Feb-2019 20:03:59 UTC] PHP Warning:  PHP Startup: Unable to load dynamic library 'interbase' (tried: ext\interbase (No se puede encontrar el módulo especificado.), ext\php_interbase.dll (No se puede encontrar el módulo especificado.)) in Unknown on line 0
[14-Feb-2019 20:03:59 UTC] PHP Warning:  PHP Startup: Unable to load dynamic library 'oci8_12c' (tried: ext\oci8_12c (No se puede encontrar el módulo especificado.), ext\php_oci8_12c.dll (No se puede encontrar el módulo especificado.)) in Unknown on line 0
[14-Feb-2019 20:03:59 UTC] PHP Warning:  PHP Startup: Unable to load dynamic library 'pdo_firebird' (tried: ext\pdo_firebird (No se puede encontrar el módulo especificado.), ext\php_pdo_firebird.dll (No se puede encontrar el módulo especificado.)) in Unknown on line 0
[14-Feb-2019 20:03:59 UTC] PHP Warning:  PHP Startup: Unable to load dynamic library 'pdo_oci' (tried: ext\pdo_oci (No se puede encontrar el módulo especificado.), ext\php_pdo_oci.dll (No se puede encontrar el módulo especificado.)) in Unknown on line 0
[14-Feb-2019 20:03:59 UTC] PHP Warning:  PHP Startup: Unable to load dynamic library 'php_pdo_sqlsrv_72_ts.dll' (tried: ext\php_pdo_sqlsrv_72_ts.dll (%1 no es una aplicación Win32 válida.), ext\php_php_pdo_sqlsrv_72_ts.dll.dll (No se puede encontrar el módulo especificado.)) in Unknown on line 0
